Build started 2016/3/18 22:04:40.
     1>Project "E:\Works\GitHub\cvpr_interpolation_etc\cvpr_interpolation_etc\cvpr_interpolation_etc\cvpr_interpolation_etc.vcxproj" on node 2 (build target(s)).
     1>InitializeBuildStatus:
         Creating "Debug\cvpr_interpolation_etc.unsuccessfulbuild" because "AlwaysCreate" was specified.
       ClCompile:
         C:\Program Files (x86)\Microsoft Visual Studio 10.0\VC\bin\CL.exe /c /ZI /nologo /W3 /WX- /Od /Oy- /D WIN32 /D _DEBUG /D _CONSOLE /D _UNICODE /D UNICODE /Gm /EHsc /RTC1 /MDd /GS /fp:precise /Zc:wchar_t /Zc:forScope /Fo"Debug\\" /Fd"Debug\vc100.pdb" /Gd /TP /analyze- /errorReport:prompt FeatureMatching.cpp
         FeatureMatching.cpp
     1>e:\works\github\cvpr_interpolation_etc\cvpr_interpolation_etc\cvpr_interpolation_etc\featurematching.cpp(21): warning C4018: '<' : signed/unsigned mismatch
     1>e:\works\github\cvpr_interpolation_etc\cvpr_interpolation_etc\cvpr_interpolation_etc\featurematching.cpp(21): warning C4018: '>=' : signed/unsigned mismatch
     1>e:\works\github\cvpr_interpolation_etc\cvpr_interpolation_etc\cvpr_interpolation_etc\featurematching.cpp(98): warning C4018: '<' : signed/unsigned mismatch
     1>e:\works\github\cvpr_interpolation_etc\cvpr_interpolation_etc\cvpr_interpolation_etc\featurematching.cpp(102): warning C4018: '<' : signed/unsigned mismatch
     1>e:\works\github\cvpr_interpolation_etc\cvpr_interpolation_etc\cvpr_interpolation_etc\featurematching.cpp(107): warning C4018: '<' : signed/unsigned mismatch
     1>e:\works\github\cvpr_interpolation_etc\cvpr_interpolation_etc\cvpr_interpolation_etc\featurematching.cpp(109): warning C4018: '<' : signed/unsigned mismatch
     1>e:\works\github\cvpr_interpolation_etc\cvpr_interpolation_etc\cvpr_interpolation_etc\featurematching.cpp(278): warning C4018: '<' : signed/unsigned mismatch
     1>e:\works\github\cvpr_interpolation_etc\cvpr_interpolation_etc\cvpr_interpolation_etc\featurematching.cpp(298): warning C4018: '<' : signed/unsigned mismatch
       ManifestResourceCompile:
         All outputs are up-to-date.
       Link:
         C:\Program Files (x86)\Microsoft Visual Studio 10.0\VC\bin\link.exe /ERRORREPORT:PROMPT /OUT:"E:\Works\GitHub\cvpr_interpolation_etc\cvpr_interpolation_etc\Debug\cvpr_interpolation_etc.exe" /INCREMENTAL /NOLOGO /LIBPATH:"C:\Program Files\NVIDIA GPU Computing Toolkit\CUDA\v7.0\lib\Win32" opencv_calib3d2410d.lib opencv_contrib2410d.lib opencv_core2410d.lib opencv_features2d2410d.lib opencv_flann2410d.lib opencv_gpu2410d.lib opencv_highgui2410d.lib opencv_imgproc2410d.lib opencv_legacy2410d.lib opencv_ml2410d.lib opencv_objdetect2410d.lib opencv_ts2410d.lib opencv_video2410d.lib opencv_nonfree2410d.lib kernel32.lib user32.lib gdi32.lib winspool.lib comdlg32.lib advapi32.lib shell32.lib ole32.lib oleaut32.lib uuid.lib odbc32.lib odbccp32.lib opencv_calib3d2410d.lib opencv_contrib2410d.lib opencv_core2410d.lib opencv_features2d2410d.lib opencv_flann2410d.lib opencv_gpu2410d.lib opencv_highgui2410d.lib opencv_imgproc2410d.lib opencv_legacy2410d.lib opencv_ml2410d.lib opencv_objdetect2410d.lib opencv_ts2410d.lib opencv_video2410d.lib opencv_nonfree2410d.lib opencv_calib3d2410.lib opencv_contrib2410.lib opencv_core2410.lib opencv_features2d2410.lib opencv_flann2410.lib opencv_gpu2410.lib opencv_highgui2410.lib opencv_imgproc2410.lib opencv_legacy2410.lib opencv_ml2410.lib opencv_objdetect2410.lib opencv_ts2410.lib opencv_video2410.lib opencv_nonfree2410.lib cublas.lib cublas_device.lib cuda.lib cudadevrt.lib cudart.lib cudart_static.lib cufft.lib cufftw.lib curand.lib cusparse.lib nppc.lib nppi.lib npps.lib nvblas.lib nvcuvid.lib OpenCL.lib kernel32.lib user32.lib gdi32.lib winspool.lib comdlg32.lib advapi32.lib shell32.lib ole32.lib oleaut32.lib uuid.lib odbc32.lib odbccp32.lib /MANIFEST /ManifestFile:"Debug\cvpr_interpolation_etc.exe.intermediate.manifest" /MANIFESTUAC:"level='asInvoker' uiAccess='false'" /DEBUG /PDB:"E:\Works\GitHub\cvpr_interpolation_etc\cvpr_interpolation_etc\Debug\cvpr_interpolation_etc.pdb" /SUBSYSTEM:CONSOLE /STACK:"100000000" /TLBID:1 /DYNAMICBASE /NXCOMPAT /IMPLIB:"E:\Works\GitHub\cvpr_interpolation_etc\cvpr_interpolation_etc\Debug\cvpr_interpolation_etc.lib" /MACHINE:X86 Debug\cvpr_interpolation_etc.exe.embed.manifest.res
         Debug\AdditionalFuncs.obj
         Debug\BilateralFilter.obj
         Debug\boxFilterDepthRefine.obj
         Debug\FeatureMatching.obj
         Debug\main.obj
       Manifest:
         C:\Program Files (x86)\Microsoft SDKs\Windows\v7.0A\bin\mt.exe /nologo /verbose /out:"Debug\cvpr_interpolation_etc.exe.embed.manifest" /manifest Debug\cvpr_interpolation_etc.exe.intermediate.manifest
         All outputs are up-to-date.
       LinkEmbedManifest:
         All outputs are up-to-date.
         cvpr_interpolation_etc.vcxproj -> E:\Works\GitHub\cvpr_interpolation_etc\cvpr_interpolation_etc\Debug\cvpr_interpolation_etc.exe
       FinalizeBuildStatus:
         Deleting file "Debug\cvpr_interpolation_etc.unsuccessfulbuild".
         Touching "Debug\cvpr_interpolation_etc.lastbuildstate".
     1>Done Building Project "E:\Works\GitHub\cvpr_interpolation_etc\cvpr_interpolation_etc\cvpr_interpolation_etc\cvpr_interpolation_etc.vcxproj" (build target(s)).

Build succeeded.

Time Elapsed 00:00:04.90
