Build started 2016/3/21 15:28:55.
     1>Project "F:\GitHub\cvpr_interpolation_etc\cvpr_interpolation_etc\cvpr_interpolation_etc\cvpr_interpolation_etc.vcxproj" on node 2 (build target(s)).
     1>PrepareForBuild:
         Creating directory "F:\GitHub\cvpr_interpolation_etc\cvpr_interpolation_etc\x64\Debug\".
       InitializeBuildStatus:
         Creating "x64\Debug\cvpr_interpolation_etc.unsuccessfulbuild" because "AlwaysCreate" was specified.
       ClCompile:
         C:\Program Files (x86)\Microsoft Visual Studio 10.0\VC\bin\x86_amd64\CL.exe /c /Zi /nologo /W3 /WX- /Od /D WIN32 /D _DEBUG /D _CONSOLE /D _UNICODE /D UNICODE /Gm /EHsc /RTC1 /MDd /GS /fp:precise /Zc:wchar_t /Zc:forScope /Fo"x64\Debug\\" /Fd"x64\Debug\vc100.pdb" /Gd /TP /errorReport:prompt AdditionalFuncs.cpp BilateralFilter.cpp boxFilterDepthRefine.cpp FeatureMatching.cpp main.cpp
         main.cpp
     1>D:\Program Files (x86)\opencv\build\include\opencv2/legacy/blobtrack.hpp(187): warning C4996: 'strcpy': This function or variable may be unsafe. Consider using strcpy_s instead. To disable deprecation, use _CRT_SECURE_NO_WARNINGS. See online help for details.
                 C:\Program Files (x86)\Microsoft Visual Studio 10.0\VC\include\string.h(105) : see declaration of 'strcpy'
     1>D:\Program Files (x86)\opencv\build\include\opencv2/legacy/blobtrack.hpp(256): warning C4996: 'strcat': This function or variable may be unsafe. Consider using strcat_s instead. To disable deprecation, use _CRT_SECURE_NO_WARNINGS. See online help for details.
                 C:\Program Files (x86)\Microsoft Visual Studio 10.0\VC\include\string.h(110) : see declaration of 'strcat'
     1>d:\program files (x86)\opencv\build\include\opencv2\flann\logger.h(66): warning C4996: 'fopen': This function or variable may be unsafe. Consider using fopen_s instead. To disable deprecation, use _CRT_SECURE_NO_WARNINGS. See online help for details.
                 C:\Program Files (x86)\Microsoft Visual Studio 10.0\VC\include\stdio.h(234) : see declaration of 'fopen'
     1>main.cpp(40): warning C4996: 'sprintf': This function or variable may be unsafe. Consider using sprintf_s instead. To disable deprecation, use _CRT_SECURE_NO_WARNINGS. See online help for details.
                 C:\Program Files (x86)\Microsoft Visual Studio 10.0\VC\include\stdio.h(371) : see declaration of 'sprintf'
     1>main.cpp(41): warning C4996: 'sprintf': This function or variable may be unsafe. Consider using sprintf_s instead. To disable deprecation, use _CRT_SECURE_NO_WARNINGS. See online help for details.
                 C:\Program Files (x86)\Microsoft Visual Studio 10.0\VC\include\stdio.h(371) : see declaration of 'sprintf'
     1>main.cpp(42): warning C4996: 'sprintf': This function or variable may be unsafe. Consider using sprintf_s instead. To disable deprecation, use _CRT_SECURE_NO_WARNINGS. See online help for details.
                 C:\Program Files (x86)\Microsoft Visual Studio 10.0\VC\include\stdio.h(371) : see declaration of 'sprintf'
     1>main.cpp(44): warning C4996: 'sprintf': This function or variable may be unsafe. Consider using sprintf_s instead. To disable deprecation, use _CRT_SECURE_NO_WARNINGS. See online help for details.
                 C:\Program Files (x86)\Microsoft Visual Studio 10.0\VC\include\stdio.h(371) : see declaration of 'sprintf'
     1>main.cpp(45): warning C4996: 'sprintf': This function or variable may be unsafe. Consider using sprintf_s instead. To disable deprecation, use _CRT_SECURE_NO_WARNINGS. See online help for details.
                 C:\Program Files (x86)\Microsoft Visual Studio 10.0\VC\include\stdio.h(371) : see declaration of 'sprintf'
     1>main.cpp(46): warning C4996: 'sprintf': This function or variable may be unsafe. Consider using sprintf_s instead. To disable deprecation, use _CRT_SECURE_NO_WARNINGS. See online help for details.
                 C:\Program Files (x86)\Microsoft Visual Studio 10.0\VC\include\stdio.h(371) : see declaration of 'sprintf'
     1>main.cpp(47): warning C4996: 'sprintf': This function or variable may be unsafe. Consider using sprintf_s instead. To disable deprecation, use _CRT_SECURE_NO_WARNINGS. See online help for details.
                 C:\Program Files (x86)\Microsoft Visual Studio 10.0\VC\include\stdio.h(371) : see declaration of 'sprintf'
     1>main.cpp(96): warning C4244: 'argument' : conversion from 'double' to 'unsigned __int64', possible loss of data
     1>main.cpp(97): warning C4244: 'argument' : conversion from 'double' to 'unsigned __int64', possible loss of data
     1>main.cpp(98): warning C4244: 'initializing' : conversion from 'double' to 'int', possible loss of data
     1>main.cpp(103): warning C4244: 'initializing' : conversion from 'double' to 'int', possible loss of data
         FeatureMatching.cpp
     1>FeatureMatching.cpp(21): warning C4018: '<' : signed/unsigned mismatch
     1>FeatureMatching.cpp(21): warning C4018: '>=' : signed/unsigned mismatch
     1>FeatureMatching.cpp(92): warning C4267: 'initializing' : conversion from 'size_t' to 'int', possible loss of data
     1>FeatureMatching.cpp(93): warning C4267: 'initializing' : conversion from 'size_t' to 'int', possible loss of data
     1>FeatureMatching.cpp(101): warning C4267: 'initializing' : conversion from 'size_t' to 'int', possible loss of data
     1>FeatureMatching.cpp(313): warning C4267: 'initializing' : conversion from 'size_t' to 'int', possible loss of data
         boxFilterDepthRefine.cpp
     1>boxFilterDepthRefine.cpp(15): warning C4244: 'initializing' : conversion from 'double' to 'int', possible loss of data
     1>boxFilterDepthRefine.cpp(55): warning C4244: 'initializing' : conversion from 'double' to 'int', possible loss of data
     1>boxFilterDepthRefine.cpp(84): warning C4267: '=' : conversion from 'size_t' to 'int', possible loss of data
     1>boxFilterDepthRefine.cpp(116): warning C4244: 'initializing' : conversion from 'double' to 'int', possible loss of data
     1>boxFilterDepthRefine.cpp(136): warning C4267: 'argument' : conversion from 'size_t' to 'int', possible loss of data
     1>boxFilterDepthRefine.cpp(255): warning C4244: 'argument' : conversion from 'double' to 'int', possible loss of data
     1>boxFilterDepthRefine.cpp(256): warning C4244: 'argument' : conversion from 'double' to 'int', possible loss of data
     1>boxFilterDepthRefine.cpp(260): warning C4244: 'argument' : conversion from 'double' to 'int', possible loss of data
     1>boxFilterDepthRefine.cpp(265): warning C4244: 'argument' : conversion from 'double' to 'int', possible loss of data
     1>boxFilterDepthRefine.cpp(270): warning C4244: 'argument' : conversion from 'double' to 'int', possible loss of data
     1>boxFilterDepthRefine.cpp(271): warning C4244: 'argument' : conversion from 'double' to 'int', possible loss of data
     1>boxFilterDepthRefine.cpp(347): warning C4244: 'initializing' : conversion from 'double' to 'int', possible loss of data
     1>boxFilterDepthRefine.cpp(348): warning C4244: 'initializing' : conversion from 'double' to 'int', possible loss of data
     1>boxFilterDepthRefine.cpp(367): warning C4267: 'argument' : conversion from 'size_t' to 'int', possible loss of data
     1>boxFilterDepthRefine.cpp(451): warning C4267: 'argument' : conversion from 'size_t' to 'int', possible loss of data
         BilateralFilter.cpp
     1>BilateralFilter.cpp(494): warning C4244: '=' : conversion from 'double' to 'uchar', possible loss of data
         AdditionalFuncs.cpp
         Generating Code...
       ManifestResourceCompile:
         C:\Program Files (x86)\Microsoft SDKs\Windows\v7.0A\bin\rc.exe /nologo /fo"x64\Debug\cvpr_interpolation_etc.exe.embed.manifest.res" x64\Debug\cvpr_interpolation_etc_manifest.rc 
       Link:
         C:\Program Files (x86)\Microsoft Visual Studio 10.0\VC\bin\x86_amd64\link.exe /ERRORREPORT:PROMPT /OUT:"F:\GitHub\cvpr_interpolation_etc\cvpr_interpolation_etc\x64\Debug\cvpr_interpolation_etc.exe" /INCREMENTAL /NOLOGO opencv_calib3d2410d.lib opencv_contrib2410d.lib opencv_core2410d.lib opencv_features2d2410d.lib opencv_flann2410d.lib opencv_gpu2410d.lib opencv_highgui2410d.lib opencv_imgproc2410d.lib opencv_legacy2410d.lib opencv_ml2410d.lib opencv_objdetect2410d.lib opencv_ts2410d.lib opencv_video2410d.lib kernel32.lib user32.lib gdi32.lib winspool.lib comdlg32.lib advapi32.lib shell32.lib ole32.lib oleaut32.lib uuid.lib odbc32.lib odbccp32.lib /MANIFEST /ManifestFile:"x64\Debug\cvpr_interpolation_etc.exe.intermediate.manifest" /MANIFESTUAC:"level='asInvoker' uiAccess='false'" /DEBUG /PDB:"F:\GitHub\cvpr_interpolation_etc\cvpr_interpolation_etc\x64\Debug\cvpr_interpolation_etc.pdb" /SUBSYSTEM:CONSOLE /TLBID:1 /DYNAMICBASE /NXCOMPAT /IMPLIB:"F:\GitHub\cvpr_interpolation_etc\cvpr_interpolation_etc\x64\Debug\cvpr_interpolation_etc.lib" /MACHINE:X64 x64\Debug\cvpr_interpolation_etc.exe.embed.manifest.res
         x64\Debug\AdditionalFuncs.obj
         x64\Debug\BilateralFilter.obj
         x64\Debug\boxFilterDepthRefine.obj
         x64\Debug\FeatureMatching.obj
         x64\Debug\main.obj
         cvpr_interpolation_etc.vcxproj -> F:\GitHub\cvpr_interpolation_etc\cvpr_interpolation_etc\x64\Debug\cvpr_interpolation_etc.exe
       Manifest:
         C:\Program Files (x86)\Microsoft SDKs\Windows\v7.0A\bin\mt.exe /nologo /verbose /out:"x64\Debug\cvpr_interpolation_etc.exe.embed.manifest" /manifest x64\Debug\cvpr_interpolation_etc.exe.intermediate.manifest
         All outputs are up-to-date.
       LinkEmbedManifest:
         All outputs are up-to-date.
         cvpr_interpolation_etc.vcxproj -> F:\GitHub\cvpr_interpolation_etc\cvpr_interpolation_etc\x64\Debug\cvpr_interpolation_etc.exe
       FinalizeBuildStatus:
         Deleting file "x64\Debug\cvpr_interpolation_etc.unsuccessfulbuild".
         Touching "x64\Debug\cvpr_interpolation_etc.lastbuildstate".
     1>Done Building Project "F:\GitHub\cvpr_interpolation_etc\cvpr_interpolation_etc\cvpr_interpolation_etc\cvpr_interpolation_etc.vcxproj" (build target(s)).

Build succeeded.

Time Elapsed 00:00:03.51
