F:\GITHUB\CVPR_INTERPOLATION_ETC\INTERPOLATION_ETC\INTERPOLATION_ETC\RELEASE\BOXFILTERDEPTHREFINE.OBJ
F:\GitHub\cvpr_interpolation_etc\interpolation_etc\interpolation_etc\Release\cl.command.1.tlog
F:\GitHub\cvpr_interpolation_etc\interpolation_etc\interpolation_etc\Release\CL.read.1.tlog
F:\GitHub\cvpr_interpolation_etc\interpolation_etc\interpolation_etc\Release\CL.write.1.tlog
F:\GITHUB\CVPR_INTERPOLATION_ETC\INTERPOLATION_ETC\INTERPOLATION_ETC\RELEASE\CTMF.OBJ
F:\GITHUB\CVPR_INTERPOLATION_ETC\INTERPOLATION_ETC\INTERPOLATION_ETC\RELEASE\FASTDEPTHINTERP.OBJ
F:\GITHUB\CVPR_INTERPOLATION_ETC\INTERPOLATION_ETC\INTERPOLATION_ETC\RELEASE\INTERPOLATION_ETC.EXE.INTERMEDIATE.MANIFEST
F:\GitHub\cvpr_interpolation_etc\interpolation_etc\interpolation_etc\Release\interpolation_etc.write.1.tlog
F:\GitHub\cvpr_interpolation_etc\interpolation_etc\interpolation_etc\Release\link.command.1.tlog
F:\GitHub\cvpr_interpolation_etc\interpolation_etc\interpolation_etc\Release\link.read.1.tlog
F:\GitHub\cvpr_interpolation_etc\interpolation_etc\interpolation_etc\Release\link.write.1.tlog
F:\GITHUB\CVPR_INTERPOLATION_ETC\INTERPOLATION_ETC\INTERPOLATION_ETC\RELEASE\MAIN.OBJ
F:\GITHUB\CVPR_INTERPOLATION_ETC\INTERPOLATION_ETC\INTERPOLATION_ETC\RELEASE\MST_KRUSKALS_IMAGE.OBJ
F:\GitHub\cvpr_interpolation_etc\interpolation_etc\interpolation_etc\Release\mt.command.1.tlog
F:\GitHub\cvpr_interpolation_etc\interpolation_etc\interpolation_etc\Release\mt.read.1.tlog
F:\GitHub\cvpr_interpolation_etc\interpolation_etc\interpolation_etc\Release\mt.write.1.tlog
F:\GITHUB\CVPR_INTERPOLATION_ETC\INTERPOLATION_ETC\INTERPOLATION_ETC\RELEASE\NONLOCAL.OBJ
F:\GITHUB\CVPR_INTERPOLATION_ETC\INTERPOLATION_ETC\INTERPOLATION_ETC\RELEASE\NONLOCAL_BASIC.OBJ
F:\GITHUB\CVPR_INTERPOLATION_ETC\INTERPOLATION_ETC\INTERPOLATION_ETC\RELEASE\SIMPLEFEATUREMATCHING.OBJ
F:\GITHUB\CVPR_INTERPOLATION_ETC\INTERPOLATION_ETC\INTERPOLATION_ETC\RELEASE\TREE_FILTER.OBJ
F:\GITHUB\CVPR_INTERPOLATION_ETC\INTERPOLATION_ETC\INTERPOLATION_ETC\RELEASE\VC100.PDB
F:\GITHUB\CVPR_INTERPOLATION_ETC\INTERPOLATION_ETC\RELEASE\INTERPOLATION_ETC.EXE
F:\GITHUB\CVPR_INTERPOLATION_ETC\INTERPOLATION_ETC\RELEASE\INTERPOLATION_ETC.PDB
