E:\WORKS\BITBUCKET\CVPR_INTERPOLATIONETC\CVPR_INTERPOLATION_ETC\CVPR_INTERPOLATION_ETC\X64\RELEASE\ADDITIONALFUNCS.OBJ
E:\WORKS\BITBUCKET\CVPR_INTERPOLATIONETC\CVPR_INTERPOLATION_ETC\CVPR_INTERPOLATION_ETC\X64\RELEASE\BILATERALFILTER.OBJ
E:\WORKS\BITBUCKET\CVPR_INTERPOLATIONETC\CVPR_INTERPOLATION_ETC\CVPR_INTERPOLATION_ETC\X64\RELEASE\EXWREGULARGRIDBP.OBJ
E:\WORKS\BITBUCKET\CVPR_INTERPOLATIONETC\CVPR_INTERPOLATION_ETC\CVPR_INTERPOLATION_ETC\X64\RELEASE\MAIN.OBJ
E:\WORKS\BITBUCKET\CVPR_INTERPOLATIONETC\CVPR_INTERPOLATION_ETC\CVPR_INTERPOLATION_ETC\X64\RELEASE\STEREOMATCHER.OBJ
E:\WORKS\BITBUCKET\CVPR_INTERPOLATIONETC\CVPR_INTERPOLATION_ETC\CVPR_INTERPOLATION_ETC\X64\RELEASE\VC100.PDB
E:\WORKS\BITBUCKET\CVPR_INTERPOLATIONETC\CVPR_INTERPOLATION_ETC\CVPR_INTERPOLATION_ETC\X64\RELEASE\ZCUBEIMAGE.OBJ
E:\WORKS\BITBUCKET\CVPR_INTERPOLATIONETC\CVPR_INTERPOLATION_ETC\CVPR_INTERPOLATION_ETC\X64\RELEASE\ZIMAGE.OBJ
E:\WORKS\BITBUCKET\CVPR_INTERPOLATIONETC\CVPR_INTERPOLATION_ETC\X64\RELEASE\CVPR_INTERPOLATION_ETC.EXE
F:\GITHUB\CVPR_INTERPOLATION_ETC\CVPR_INTERPOLATION_ETC\CVPR_INTERPOLATION_ETC\X64\RELEASE\ADDITIONALFUNCS.OBJ
F:\GITHUB\CVPR_INTERPOLATION_ETC\CVPR_INTERPOLATION_ETC\CVPR_INTERPOLATION_ETC\X64\RELEASE\BILATERALFILTER.OBJ
F:\GITHUB\CVPR_INTERPOLATION_ETC\CVPR_INTERPOLATION_ETC\CVPR_INTERPOLATION_ETC\X64\RELEASE\BOXFILTERDEPTHREFINE.OBJ
F:\GitHub\cvpr_interpolation_etc\cvpr_interpolation_etc\cvpr_interpolation_etc\x64\Release\cl.command.1.tlog
F:\GitHub\cvpr_interpolation_etc\cvpr_interpolation_etc\cvpr_interpolation_etc\x64\Release\CL.read.1.tlog
F:\GitHub\cvpr_interpolation_etc\cvpr_interpolation_etc\cvpr_interpolation_etc\x64\Release\CL.write.1.tlog
F:\GITHUB\CVPR_INTERPOLATION_ETC\CVPR_INTERPOLATION_ETC\CVPR_INTERPOLATION_ETC\X64\RELEASE\CVPR_INTERPOLATION_ETC.EXE.INTERMEDIATE.MANIFEST
F:\GitHub\cvpr_interpolation_etc\cvpr_interpolation_etc\cvpr_interpolation_etc\x64\Release\cvpr_interpolation_etc.vcxprojResolveAssemblyReference.cache
F:\GitHub\cvpr_interpolation_etc\cvpr_interpolation_etc\cvpr_interpolation_etc\x64\Release\cvpr_interpolation_etc.write.1.tlog
F:\GITHUB\CVPR_INTERPOLATION_ETC\CVPR_INTERPOLATION_ETC\CVPR_INTERPOLATION_ETC\X64\RELEASE\FEATUREMATCHING.OBJ
F:\GitHub\cvpr_interpolation_etc\cvpr_interpolation_etc\cvpr_interpolation_etc\x64\Release\link.command.1.tlog
F:\GitHub\cvpr_interpolation_etc\cvpr_interpolation_etc\cvpr_interpolation_etc\x64\Release\link.read.1.tlog
F:\GitHub\cvpr_interpolation_etc\cvpr_interpolation_etc\cvpr_interpolation_etc\x64\Release\link.write.1.tlog
F:\GITHUB\CVPR_INTERPOLATION_ETC\CVPR_INTERPOLATION_ETC\CVPR_INTERPOLATION_ETC\X64\RELEASE\MAIN.OBJ
F:\GitHub\cvpr_interpolation_etc\cvpr_interpolation_etc\cvpr_interpolation_etc\x64\Release\mt.command.1.tlog
F:\GitHub\cvpr_interpolation_etc\cvpr_interpolation_etc\cvpr_interpolation_etc\x64\Release\mt.read.1.tlog
F:\GitHub\cvpr_interpolation_etc\cvpr_interpolation_etc\cvpr_interpolation_etc\x64\Release\mt.write.1.tlog
F:\GITHUB\CVPR_INTERPOLATION_ETC\CVPR_INTERPOLATION_ETC\CVPR_INTERPOLATION_ETC\X64\RELEASE\VC100.PDB
F:\GITHUB\CVPR_INTERPOLATION_ETC\CVPR_INTERPOLATION_ETC\X64\RELEASE\CVPR_INTERPOLATION_ETC.EXE
F:\GITHUB\CVPR_INTERPOLATION_ETC\CVPR_INTERPOLATION_ETC\X64\RELEASE\CVPR_INTERPOLATION_ETC.PDB
