Build started 2016/3/30 19:24:14.
     1>Project "F:\GitHub\cvpr_interpolation_etc\cvpr_interpolation_etc\cvpr_interpolation_etc\cvpr_interpolation_etc.vcxproj" on node 2 (build target(s)).
     1>InitializeBuildStatus:
         Touching "x64\Release\cvpr_interpolation_etc.unsuccessfulbuild".
       ClCompile:
         C:\Program Files (x86)\Microsoft Visual Studio 10.0\VC\bin\x86_amd64\CL.exe /c /Zi /nologo /W3 /WX- /O2 /Oi /GL /D WIN32 /D NDEBUG /D _CONSOLE /D _UNICODE /D UNICODE /Gm- /EHsc /MD /GS /Gy /fp:precise /Zc:wchar_t /Zc:forScope /Fo"x64\Release\\" /Fd"x64\Release\vc100.pdb" /Gd /TP /errorReport:prompt Nonlocal\Nonlocal.cpp
         Nonlocal.cpp
     1>F:\GitHub\cvpr_interpolation_etc\cvpr_interpolation_etc\cvpr_interpolation_etc\Nonlocal/Nonlocal_basic.h(77): warning C4244: 'argument' : conversion from 'float' to 'int', possible loss of data
     1>F:\GitHub\cvpr_interpolation_etc\cvpr_interpolation_etc\cvpr_interpolation_etc\Nonlocal/Nonlocal_basic.h(78): warning C4244: 'argument' : conversion from 'double' to 'int', possible loss of data
     1>F:\GitHub\cvpr_interpolation_etc\cvpr_interpolation_etc\cvpr_interpolation_etc\Nonlocal/Nonlocal_basic.h(80): warning C4244: 'argument' : conversion from 'double' to 'int', possible loss of data
     1>Nonlocal\Nonlocal.cpp(106): warning C4244: '=' : conversion from 'const double' to 'unsigned char', possible loss of data
     1>Nonlocal\Nonlocal.cpp(110): warning C4244: '=' : conversion from 'const double' to 'unsigned char', possible loss of data
     1>Nonlocal\Nonlocal.cpp(114): warning C4244: '=' : conversion from 'const double' to 'unsigned char', possible loss of data
     1>Nonlocal\Nonlocal.cpp(120): warning C4244: '=' : conversion from 'double' to 'float', possible loss of data
         C:\Program Files (x86)\Microsoft Visual Studio 10.0\VC\bin\x86_amd64\CL.exe /c /Zi /nologo /W3 /WX- /O2 /Oi /GL /D WIN32 /D NDEBUG /D _CONSOLE /D _UNICODE /D UNICODE /Gm- /EHsc /MD /GS /Gy /fp:precise /Zc:wchar_t /Zc:forScope /Fo"x64\Release\\" /Fd"x64\Release\vc100.pdb" /Gd /TC /errorReport:prompt Nonlocal\ctmf.c
         ctmf.c
       Link:
         C:\Program Files (x86)\Microsoft Visual Studio 10.0\VC\bin\x86_amd64\link.exe /ERRORREPORT:PROMPT /OUT:"F:\GitHub\cvpr_interpolation_etc\cvpr_interpolation_etc\x64\Release\cvpr_interpolation_etc.exe" /INCREMENTAL:NO /NOLOGO opencv_calib3d2410.lib opencv_contrib2410.lib opencv_core2410.lib opencv_features2d2410.lib opencv_flann2410.lib opencv_gpu2410.lib opencv_highgui2410.lib opencv_imgproc2410.lib opencv_legacy2410.lib opencv_ml2410.lib opencv_objdetect2410.lib opencv_ts2410.lib opencv_video2410.lib kernel32.lib user32.lib gdi32.lib winspool.lib comdlg32.lib advapi32.lib shell32.lib ole32.lib oleaut32.lib uuid.lib odbc32.lib odbccp32.lib /MANIFEST /ManifestFile:"x64\Release\cvpr_interpolation_etc.exe.intermediate.manifest" /MANIFESTUAC:"level='asInvoker' uiAccess='false'" /DEBUG /PDB:"F:\GitHub\cvpr_interpolation_etc\cvpr_interpolation_etc\x64\Release\cvpr_interpolation_etc.pdb" /SUBSYSTEM:CONSOLE /HEAP:"10000000","10000000" /OPT:REF /OPT:ICF /LTCG /TLBID:1 /DYNAMICBASE /NXCOMPAT /IMPLIB:"F:\GitHub\cvpr_interpolation_etc\cvpr_interpolation_etc\x64\Release\cvpr_interpolation_etc.lib" /MACHINE:X64 x64\Release\AdditionalFuncs.obj
         x64\Release\BilateralFilter.obj
         x64\Release\boxFilterDepthRefine.obj
         x64\Release\FeatureMatching.obj
         x64\Release\main.obj
         x64\Release\ctmf.obj
         x64\Release\mst_kruskals_image.obj
         x64\Release\Nonlocal.obj
         x64\Release\Nonlocal_basic.obj
         x64\Release\tree_filter.obj
         Generating code
         Finished generating code
         cvpr_interpolation_etc.vcxproj -> F:\GitHub\cvpr_interpolation_etc\cvpr_interpolation_etc\x64\Release\cvpr_interpolation_etc.exe
       Manifest:
         C:\Program Files (x86)\Microsoft SDKs\Windows\v7.0A\bin\mt.exe /nologo /verbose /outputresource:"F:\GitHub\cvpr_interpolation_etc\cvpr_interpolation_etc\x64\Release\cvpr_interpolation_etc.exe;#1" /manifest x64\Release\cvpr_interpolation_etc.exe.intermediate.manifest
       FinalizeBuildStatus:
         Deleting file "x64\Release\cvpr_interpolation_etc.unsuccessfulbuild".
         Touching "x64\Release\cvpr_interpolation_etc.lastbuildstate".
     1>Done Building Project "F:\GitHub\cvpr_interpolation_etc\cvpr_interpolation_etc\cvpr_interpolation_etc\cvpr_interpolation_etc.vcxproj" (build target(s)).

Build succeeded.

Time Elapsed 00:00:03.65
