F:\GITHUB\CVPR_INTERPOLATION_ETC\INTERPOLATION_ETC\INTERPOLATION_ETC\X64\DEBUG\BOXFILTERDEPTHREFINE.OBJ
F:\GitHub\cvpr_interpolation_etc\interpolation_etc\interpolation_etc\x64\Debug\cl.command.1.tlog
F:\GitHub\cvpr_interpolation_etc\interpolation_etc\interpolation_etc\x64\Debug\CL.read.1.tlog
F:\GitHub\cvpr_interpolation_etc\interpolation_etc\interpolation_etc\x64\Debug\CL.write.1.tlog
F:\GITHUB\CVPR_INTERPOLATION_ETC\INTERPOLATION_ETC\INTERPOLATION_ETC\X64\DEBUG\CTMF.OBJ
F:\GITHUB\CVPR_INTERPOLATION_ETC\INTERPOLATION_ETC\INTERPOLATION_ETC\X64\DEBUG\FASTDEPTHINTERP.OBJ
F:\GITHUB\CVPR_INTERPOLATION_ETC\INTERPOLATION_ETC\INTERPOLATION_ETC\X64\DEBUG\INTERPOLATION_ETC.EXE.EMBED.MANIFEST
F:\GITHUB\CVPR_INTERPOLATION_ETC\INTERPOLATION_ETC\INTERPOLATION_ETC\X64\DEBUG\INTERPOLATION_ETC.EXE.EMBED.MANIFEST.RES
F:\GITHUB\CVPR_INTERPOLATION_ETC\INTERPOLATION_ETC\INTERPOLATION_ETC\X64\DEBUG\INTERPOLATION_ETC.EXE.INTERMEDIATE.MANIFEST
F:\GitHub\cvpr_interpolation_etc\interpolation_etc\interpolation_etc\x64\Debug\interpolation_etc.write.1.tlog
F:\GitHub\cvpr_interpolation_etc\interpolation_etc\interpolation_etc\x64\Debug\interpolation_etc_manifest.rc
F:\GitHub\cvpr_interpolation_etc\interpolation_etc\interpolation_etc\x64\Debug\link.17332.read.1.tlog
F:\GitHub\cvpr_interpolation_etc\interpolation_etc\interpolation_etc\x64\Debug\link.17332.write.1.tlog
F:\GitHub\cvpr_interpolation_etc\interpolation_etc\interpolation_etc\x64\Debug\link.17332-cvtres.read.1.tlog
F:\GitHub\cvpr_interpolation_etc\interpolation_etc\interpolation_etc\x64\Debug\link.17332-cvtres.write.1.tlog
F:\GitHub\cvpr_interpolation_etc\interpolation_etc\interpolation_etc\x64\Debug\link.command.1.tlog
F:\GitHub\cvpr_interpolation_etc\interpolation_etc\interpolation_etc\x64\Debug\link.read.1.tlog
F:\GitHub\cvpr_interpolation_etc\interpolation_etc\interpolation_etc\x64\Debug\link.write.1.tlog
F:\GitHub\cvpr_interpolation_etc\interpolation_etc\interpolation_etc\x64\Debug\link-cvtres.read.1.tlog
F:\GitHub\cvpr_interpolation_etc\interpolation_etc\interpolation_etc\x64\Debug\link-cvtres.write.1.tlog
F:\GITHUB\CVPR_INTERPOLATION_ETC\INTERPOLATION_ETC\INTERPOLATION_ETC\X64\DEBUG\LOCALSTEREOMATCHING.OBJ
F:\GITHUB\CVPR_INTERPOLATION_ETC\INTERPOLATION_ETC\INTERPOLATION_ETC\X64\DEBUG\MAIN.OBJ
F:\GITHUB\CVPR_INTERPOLATION_ETC\INTERPOLATION_ETC\INTERPOLATION_ETC\X64\DEBUG\MST_KRUSKALS_IMAGE.OBJ
F:\GitHub\cvpr_interpolation_etc\interpolation_etc\interpolation_etc\x64\Debug\mt.command.1.tlog
F:\GitHub\cvpr_interpolation_etc\interpolation_etc\interpolation_etc\x64\Debug\mt.read.1.tlog
F:\GitHub\cvpr_interpolation_etc\interpolation_etc\interpolation_etc\x64\Debug\mt.write.1.tlog
F:\GITHUB\CVPR_INTERPOLATION_ETC\INTERPOLATION_ETC\INTERPOLATION_ETC\X64\DEBUG\NONLOCAL.OBJ
F:\GITHUB\CVPR_INTERPOLATION_ETC\INTERPOLATION_ETC\INTERPOLATION_ETC\X64\DEBUG\NONLOCAL_BASIC.OBJ
F:\GITHUB\CVPR_INTERPOLATION_ETC\INTERPOLATION_ETC\INTERPOLATION_ETC\X64\DEBUG\QX_BASIC.OBJ
F:\GITHUB\CVPR_INTERPOLATION_ETC\INTERPOLATION_ETC\INTERPOLATION_ETC\X64\DEBUG\QX_HARDWARE_EFFICIENT_BILATERAL_FILTER.OBJ
F:\GITHUB\CVPR_INTERPOLATION_ETC\INTERPOLATION_ETC\INTERPOLATION_ETC\X64\DEBUG\QX_PPM.OBJ
F:\GitHub\cvpr_interpolation_etc\interpolation_etc\interpolation_etc\x64\Debug\rc.command.1.tlog
F:\GitHub\cvpr_interpolation_etc\interpolation_etc\interpolation_etc\x64\Debug\rc.read.1.tlog
F:\GitHub\cvpr_interpolation_etc\interpolation_etc\interpolation_etc\x64\Debug\rc.write.1.tlog
F:\GITHUB\CVPR_INTERPOLATION_ETC\INTERPOLATION_ETC\INTERPOLATION_ETC\X64\DEBUG\SIMPLEFEATUREMATCHING.OBJ
F:\GITHUB\CVPR_INTERPOLATION_ETC\INTERPOLATION_ETC\INTERPOLATION_ETC\X64\DEBUG\TREE_FILTER.OBJ
F:\GitHub\cvpr_interpolation_etc\interpolation_etc\interpolation_etc\x64\Debug\vc100.idb
F:\GITHUB\CVPR_INTERPOLATION_ETC\INTERPOLATION_ETC\INTERPOLATION_ETC\X64\DEBUG\VC100.PDB
F:\GITHUB\CVPR_INTERPOLATION_ETC\INTERPOLATION_ETC\X64\DEBUG\INTERPOLATION_ETC.EXE
F:\GITHUB\CVPR_INTERPOLATION_ETC\INTERPOLATION_ETC\X64\DEBUG\INTERPOLATION_ETC.ILK
F:\GITHUB\CVPR_INTERPOLATION_ETC\INTERPOLATION_ETC\X64\DEBUG\INTERPOLATION_ETC.PDB
