Build started 2016/4/18 11:16:55.
     1>Project "F:\GitHub\cvpr_interpolation_etc\interpolation_etc\interpolation_etc\interpolation_etc.vcxproj" on node 2 (rebuild target(s)).
     1>_PrepareForClean:
         Deleting file "x64\Debug\interpolation_etc.lastbuildstate".
       InitializeBuildStatus:
         Creating "x64\Debug\interpolation_etc.unsuccessfulbuild" because "AlwaysCreate" was specified.
       ClCompile:
         C:\Program Files (x86)\Microsoft Visual Studio 10.0\VC\bin\x86_amd64\CL.exe /c /Zi /nologo /W3 /WX- /Od /D WIN32 /D _DEBUG /D _CONSOLE /D _UNICODE /D UNICODE /Gm /EHsc /RTC1 /MDd /GS /fp:precise /Zc:wchar_t /Zc:forScope /Fo"x64\Debug\\" /Fd"x64\Debug\vc100.pdb" /Gd /TP /errorReport:prompt BoxFilterDepthRefine.cpp Hebf\qx_basic.cpp Hebf\qx_hardware_efficient_bilateral_filter.cpp Hebf\qx_ppm.cpp LocalStereoMatching.cpp main.cpp FastDepthInterp.cpp Nonlocal\mst_kruskals_image.cpp Nonlocal\Nonlocal.cpp Nonlocal\Nonlocal_basic.cpp Nonlocal\tree_filter.cpp SimpleFeatureMatching.cpp
         SimpleFeatureMatching.cpp
     1>SimpleFeatureMatching.cpp(20): warning C4018: '<' : signed/unsigned mismatch
     1>SimpleFeatureMatching.cpp(20): warning C4018: '>=' : signed/unsigned mismatch
     1>SimpleFeatureMatching.cpp(92): warning C4267: 'initializing' : conversion from 'size_t' to 'int', possible loss of data
     1>SimpleFeatureMatching.cpp(93): warning C4267: 'initializing' : conversion from 'size_t' to 'int', possible loss of data
     1>SimpleFeatureMatching.cpp(101): warning C4267: 'initializing' : conversion from 'size_t' to 'int', possible loss of data
         tree_filter.cpp
     1>F:\GitHub\cvpr_interpolation_etc\interpolation_etc\interpolation_etc\Nonlocal/Nonlocal_basic.h(79): warning C4244: 'argument' : conversion from 'float' to 'int', possible loss of data
     1>F:\GitHub\cvpr_interpolation_etc\interpolation_etc\interpolation_etc\Nonlocal/Nonlocal_basic.h(80): warning C4244: 'argument' : conversion from 'double' to 'int', possible loss of data
     1>F:\GitHub\cvpr_interpolation_etc\interpolation_etc\interpolation_etc\Nonlocal/Nonlocal_basic.h(82): warning C4244: 'argument' : conversion from 'double' to 'int', possible loss of data
     1>Nonlocal\tree_filter.cpp(82): warning C4244: '+=' : conversion from 'double' to 'float', possible loss of data
     1>Nonlocal\tree_filter.cpp(111): warning C4244: '=' : conversion from 'double' to 'float', possible loss of data
         Nonlocal_basic.cpp
     1>F:\GitHub\cvpr_interpolation_etc\interpolation_etc\interpolation_etc\Nonlocal\Nonlocal_basic.h(79): warning C4244: 'argument' : conversion from 'float' to 'int', possible loss of data
     1>F:\GitHub\cvpr_interpolation_etc\interpolation_etc\interpolation_etc\Nonlocal\Nonlocal_basic.h(80): warning C4244: 'argument' : conversion from 'double' to 'int', possible loss of data
     1>F:\GitHub\cvpr_interpolation_etc\interpolation_etc\interpolation_etc\Nonlocal\Nonlocal_basic.h(82): warning C4244: 'argument' : conversion from 'double' to 'int', possible loss of data
     1>Nonlocal\Nonlocal_basic.cpp(193): warning C4244: '=' : conversion from 'int' to 'float', possible loss of data
     1>Nonlocal\Nonlocal_basic.cpp(227): warning C4244: '=' : conversion from 'int' to 'float', possible loss of data
         Nonlocal.cpp
     1>F:\GitHub\cvpr_interpolation_etc\interpolation_etc\interpolation_etc\Nonlocal/Nonlocal_basic.h(79): warning C4244: 'argument' : conversion from 'float' to 'int', possible loss of data
     1>F:\GitHub\cvpr_interpolation_etc\interpolation_etc\interpolation_etc\Nonlocal/Nonlocal_basic.h(80): warning C4244: 'argument' : conversion from 'double' to 'int', possible loss of data
     1>F:\GitHub\cvpr_interpolation_etc\interpolation_etc\interpolation_etc\Nonlocal/Nonlocal_basic.h(82): warning C4244: 'argument' : conversion from 'double' to 'int', possible loss of data
         mst_kruskals_image.cpp
     1>F:\GitHub\cvpr_interpolation_etc\interpolation_etc\interpolation_etc\Nonlocal\Nonlocal_basic.h(79): warning C4244: 'argument' : conversion from 'float' to 'int', possible loss of data
     1>F:\GitHub\cvpr_interpolation_etc\interpolation_etc\interpolation_etc\Nonlocal\Nonlocal_basic.h(80): warning C4244: 'argument' : conversion from 'double' to 'int', possible loss of data
     1>F:\GitHub\cvpr_interpolation_etc\interpolation_etc\interpolation_etc\Nonlocal\Nonlocal_basic.h(82): warning C4244: 'argument' : conversion from 'double' to 'int', possible loss of data
     1>Nonlocal\mst_kruskals_image.cpp(47): warning C4101: 'x0' : unreferenced local variable
     1>Nonlocal\mst_kruskals_image.cpp(72): warning C4101: 'x0' : unreferenced local variable
         FastDepthInterp.cpp
         main.cpp
     1>D:\Program Files (x86)\opencv\build\include\opencv2/legacy/blobtrack.hpp(187): warning C4996: 'strcpy': This function or variable may be unsafe. Consider using strcpy_s instead. To disable deprecation, use _CRT_SECURE_NO_WARNINGS. See online help for details.
                 C:\Program Files (x86)\Microsoft Visual Studio 10.0\VC\include\string.h(105) : see declaration of 'strcpy'
     1>D:\Program Files (x86)\opencv\build\include\opencv2/legacy/blobtrack.hpp(256): warning C4996: 'strcat': This function or variable may be unsafe. Consider using strcat_s instead. To disable deprecation, use _CRT_SECURE_NO_WARNINGS. See online help for details.
                 C:\Program Files (x86)\Microsoft Visual Studio 10.0\VC\include\string.h(110) : see declaration of 'strcat'
     1>d:\program files (x86)\opencv\build\include\opencv2\flann\logger.h(66): warning C4996: 'fopen': This function or variable may be unsafe. Consider using fopen_s instead. To disable deprecation, use _CRT_SECURE_NO_WARNINGS. See online help for details.
                 C:\Program Files (x86)\Microsoft Visual Studio 10.0\VC\include\stdio.h(234) : see declaration of 'fopen'
     1>f:\github\cvpr_interpolation_etc\interpolation_etc\interpolation_etc\Nonlocal/Nonlocal_basic.h(79): warning C4244: 'argument' : conversion from 'float' to 'int', possible loss of data
     1>f:\github\cvpr_interpolation_etc\interpolation_etc\interpolation_etc\Nonlocal/Nonlocal_basic.h(80): warning C4244: 'argument' : conversion from 'double' to 'int', possible loss of data
     1>f:\github\cvpr_interpolation_etc\interpolation_etc\interpolation_etc\Nonlocal/Nonlocal_basic.h(82): warning C4244: 'argument' : conversion from 'double' to 'int', possible loss of data
     1>main.cpp(35): warning C4996: 'sprintf': This function or variable may be unsafe. Consider using sprintf_s instead. To disable deprecation, use _CRT_SECURE_NO_WARNINGS. See online help for details.
                 C:\Program Files (x86)\Microsoft Visual Studio 10.0\VC\include\stdio.h(371) : see declaration of 'sprintf'
     1>main.cpp(36): warning C4996: 'sprintf': This function or variable may be unsafe. Consider using sprintf_s instead. To disable deprecation, use _CRT_SECURE_NO_WARNINGS. See online help for details.
                 C:\Program Files (x86)\Microsoft Visual Studio 10.0\VC\include\stdio.h(371) : see declaration of 'sprintf'
     1>main.cpp(39): warning C4996: 'sprintf': This function or variable may be unsafe. Consider using sprintf_s instead. To disable deprecation, use _CRT_SECURE_NO_WARNINGS. See online help for details.
                 C:\Program Files (x86)\Microsoft Visual Studio 10.0\VC\include\stdio.h(371) : see declaration of 'sprintf'
     1>main.cpp(40): warning C4996: 'sprintf': This function or variable may be unsafe. Consider using sprintf_s instead. To disable deprecation, use _CRT_SECURE_NO_WARNINGS. See online help for details.
                 C:\Program Files (x86)\Microsoft Visual Studio 10.0\VC\include\stdio.h(371) : see declaration of 'sprintf'
         LocalStereoMatching.cpp
     1>f:\github\cvpr_interpolation_etc\interpolation_etc\interpolation_etc\hebf\qx_basic.h(67): warning C4244: 'argument' : conversion from 'float' to 'int', possible loss of data
     1>f:\github\cvpr_interpolation_etc\interpolation_etc\interpolation_etc\hebf\qx_basic.h(68): warning C4244: 'argument' : conversion from 'double' to 'int', possible loss of data
     1>f:\github\cvpr_interpolation_etc\interpolation_etc\interpolation_etc\hebf\qx_basic.h(70): warning C4244: 'argument' : conversion from 'double' to 'int', possible loss of data
     1>LocalStereoMatching.cpp(15): warning C4244: 'initializing' : conversion from 'const double' to 'int', possible loss of data
     1>LocalStereoMatching.cpp(113): warning C4267: 'argument' : conversion from 'size_t' to 'int', possible loss of data
     1>LocalStereoMatching.cpp(272): warning C4244: 'argument' : conversion from 'double' to 'int', possible loss of data
     1>LocalStereoMatching.cpp(273): warning C4244: 'argument' : conversion from 'double' to 'int', possible loss of data
     1>LocalStereoMatching.cpp(277): warning C4244: 'argument' : conversion from 'double' to 'int', possible loss of data
     1>LocalStereoMatching.cpp(282): warning C4244: 'argument' : conversion from 'double' to 'int', possible loss of data
     1>LocalStereoMatching.cpp(287): warning C4244: 'argument' : conversion from 'double' to 'int', possible loss of data
     1>LocalStereoMatching.cpp(288): warning C4244: 'argument' : conversion from 'double' to 'int', possible loss of data
         qx_ppm.cpp
     1>f:\github\cvpr_interpolation_etc\interpolation_etc\interpolation_etc\hebf\qx_basic.h(67): warning C4244: 'argument' : conversion from 'float' to 'int', possible loss of data
     1>f:\github\cvpr_interpolation_etc\interpolation_etc\interpolation_etc\hebf\qx_basic.h(68): warning C4244: 'argument' : conversion from 'double' to 'int', possible loss of data
     1>f:\github\cvpr_interpolation_etc\interpolation_etc\interpolation_etc\hebf\qx_basic.h(70): warning C4244: 'argument' : conversion from 'double' to 'int', possible loss of data
         qx_hardware_efficient_bilateral_filter.cpp
     1>f:\github\cvpr_interpolation_etc\interpolation_etc\interpolation_etc\hebf\qx_basic.h(67): warning C4244: 'argument' : conversion from 'float' to 'int', possible loss of data
     1>f:\github\cvpr_interpolation_etc\interpolation_etc\interpolation_etc\hebf\qx_basic.h(68): warning C4244: 'argument' : conversion from 'double' to 'int', possible loss of data
     1>f:\github\cvpr_interpolation_etc\interpolation_etc\interpolation_etc\hebf\qx_basic.h(70): warning C4244: 'argument' : conversion from 'double' to 'int', possible loss of data
         qx_basic.cpp
     1>f:\github\cvpr_interpolation_etc\interpolation_etc\interpolation_etc\hebf\qx_basic.h(67): warning C4244: 'argument' : conversion from 'float' to 'int', possible loss of data
     1>f:\github\cvpr_interpolation_etc\interpolation_etc\interpolation_etc\hebf\qx_basic.h(68): warning C4244: 'argument' : conversion from 'double' to 'int', possible loss of data
     1>f:\github\cvpr_interpolation_etc\interpolation_etc\interpolation_etc\hebf\qx_basic.h(70): warning C4244: 'argument' : conversion from 'double' to 'int', possible loss of data
     1>Hebf\qx_basic.cpp(197): warning C4244: '=' : conversion from 'int' to 'float', possible loss of data
     1>Hebf\qx_basic.cpp(232): warning C4244: '=' : conversion from 'int' to 'float', possible loss of data
         BoxFilterDepthRefine.cpp
     1>BoxFilterDepthRefine.cpp(12): warning C4244: 'initializing' : conversion from 'const double' to 'int', possible loss of data
     1>BoxFilterDepthRefine.cpp(85): warning C4244: 'initializing' : conversion from 'double' to 'int', possible loss of data
     1>BoxFilterDepthRefine.cpp(110): warning C4267: 'argument' : conversion from 'size_t' to 'int', possible loss of data
     1>BoxFilterDepthRefine.cpp(230): warning C4244: 'argument' : conversion from 'double' to 'int', possible loss of data
     1>BoxFilterDepthRefine.cpp(231): warning C4244: 'argument' : conversion from 'double' to 'int', possible loss of data
     1>BoxFilterDepthRefine.cpp(235): warning C4244: 'argument' : conversion from 'double' to 'int', possible loss of data
     1>BoxFilterDepthRefine.cpp(240): warning C4244: 'argument' : conversion from 'double' to 'int', possible loss of data
     1>BoxFilterDepthRefine.cpp(245): warning C4244: 'argument' : conversion from 'double' to 'int', possible loss of data
     1>BoxFilterDepthRefine.cpp(246): warning C4244: 'argument' : conversion from 'double' to 'int', possible loss of data
         Generating Code...
     1>f:\github\cvpr_interpolation_etc\interpolation_etc\interpolation_etc\hebf\qx_basic.cpp(516): warning C4715: 'gaussian_recursive' : not all control paths return a value
     1>f:\github\cvpr_interpolation_etc\interpolation_etc\interpolation_etc\nonlocal\nonlocal_basic.cpp(509): warning C4715: 'NONLOCAL::gaussian_recursive' : not all control paths return a value
         C:\Program Files (x86)\Microsoft Visual Studio 10.0\VC\bin\x86_amd64\CL.exe /c /Zi /nologo /W3 /WX- /Od /D WIN32 /D _DEBUG /D _CONSOLE /D _UNICODE /D UNICODE /Gm /EHsc /RTC1 /MDd /GS /fp:precise /Zc:wchar_t /Zc:forScope /Fo"x64\Debug\\" /Fd"x64\Debug\vc100.pdb" /Gd /TC /errorReport:prompt Nonlocal\ctmf.c
         ctmf.c
       ManifestResourceCompile:
         C:\Program Files (x86)\Microsoft SDKs\Windows\v7.0A\bin\rc.exe /nologo /fo"x64\Debug\interpolation_etc.exe.embed.manifest.res" x64\Debug\interpolation_etc_manifest.rc 
       Link:
         C:\Program Files (x86)\Microsoft Visual Studio 10.0\VC\bin\x86_amd64\link.exe /ERRORREPORT:PROMPT /OUT:"F:\GitHub\cvpr_interpolation_etc\interpolation_etc\x64\Debug\interpolation_etc.exe" /INCREMENTAL /NOLOGO opencv_calib3d2410d.lib opencv_contrib2410d.lib opencv_core2410d.lib opencv_features2d2410d.lib opencv_flann2410d.lib opencv_gpu2410d.lib opencv_highgui2410d.lib opencv_imgproc2410d.lib opencv_legacy2410d.lib opencv_ml2410d.lib opencv_objdetect2410d.lib opencv_ts2410d.lib opencv_video2410d.lib opencv_nonfree2410d.lib opencv_ml2410d.lib opencv_objdetect2410.lib opencv_ts2410.lib opencv_video2410.lib opencv_nonfree2410.lib opencv_ocl2410.lib opencv_photo2410.lib opencv_stitching2410.lib opencv_superres2410.lib opencv_videostab2410.lib opencv_calib3d2410d.lib opencv_contrib2410d.lib opencv_core2410d.lib opencv_features2d2410d.lib opencv_flann2410d.lib opencv_gpu2410d.lib opencv_highgui2410d.lib opencv_imgproc2410d.lib opencv_legacy2410d.lib opencv_objdetect2410d.lib opencv_ts2410d.lib opencv_video2410d.lib opencv_nonfree2410d.lib opencv_ocl2410d.lib opencv_photo2410d.lib opencv_stitching2410d.lib opencv_superres2410d.lib opencv_videostab2410d.lib kernel32.lib user32.lib gdi32.lib winspool.lib comdlg32.lib advapi32.lib shell32.lib ole32.lib oleaut32.lib uuid.lib odbc32.lib odbccp32.lib /MANIFEST /ManifestFile:"x64\Debug\interpolation_etc.exe.intermediate.manifest" /MANIFESTUAC:"level='asInvoker' uiAccess='false'" /DEBUG /PDB:"F:\GitHub\cvpr_interpolation_etc\interpolation_etc\x64\Debug\interpolation_etc.pdb" /SUBSYSTEM:CONSOLE /HEAP:"1000000000" /TLBID:1 /DYNAMICBASE /NXCOMPAT /IMPLIB:"F:\GitHub\cvpr_interpolation_etc\interpolation_etc\x64\Debug\interpolation_etc.lib" /MACHINE:X64 x64\Debug\interpolation_etc.exe.embed.manifest.res
         x64\Debug\BoxFilterDepthRefine.obj
         x64\Debug\qx_basic.obj
         x64\Debug\qx_hardware_efficient_bilateral_filter.obj
         x64\Debug\qx_ppm.obj
         x64\Debug\LocalStereoMatching.obj
         x64\Debug\main.obj
         x64\Debug\FastDepthInterp.obj
         x64\Debug\ctmf.obj
         x64\Debug\mst_kruskals_image.obj
         x64\Debug\Nonlocal.obj
         x64\Debug\Nonlocal_basic.obj
         x64\Debug\tree_filter.obj
         x64\Debug\SimpleFeatureMatching.obj
         interpolation_etc.vcxproj -> F:\GitHub\cvpr_interpolation_etc\interpolation_etc\x64\Debug\interpolation_etc.exe
       Manifest:
         Deleting file "x64\Debug\interpolation_etc.exe.embed.manifest".
         C:\Program Files (x86)\Microsoft SDKs\Windows\v7.0A\bin\mt.exe /nologo /verbose /out:"x64\Debug\interpolation_etc.exe.embed.manifest" /manifest x64\Debug\interpolation_etc.exe.intermediate.manifest
         C:\Program Files (x86)\Microsoft SDKs\Windows\v7.0A\bin\rc.exe /nologo /fo"x64\Debug\interpolation_etc.exe.embed.manifest.res" x64\Debug\interpolation_etc_manifest.rc 
       LinkEmbedManifest:
         C:\Program Files (x86)\Microsoft Visual Studio 10.0\VC\bin\x86_amd64\link.exe /ERRORREPORT:PROMPT /OUT:"F:\GitHub\cvpr_interpolation_etc\interpolation_etc\x64\Debug\interpolation_etc.exe" /INCREMENTAL /NOLOGO opencv_calib3d2410d.lib opencv_contrib2410d.lib opencv_core2410d.lib opencv_features2d2410d.lib opencv_flann2410d.lib opencv_gpu2410d.lib opencv_highgui2410d.lib opencv_imgproc2410d.lib opencv_legacy2410d.lib opencv_ml2410d.lib opencv_objdetect2410d.lib opencv_ts2410d.lib opencv_video2410d.lib opencv_nonfree2410d.lib opencv_ml2410d.lib opencv_objdetect2410.lib opencv_ts2410.lib opencv_video2410.lib opencv_nonfree2410.lib opencv_ocl2410.lib opencv_photo2410.lib opencv_stitching2410.lib opencv_superres2410.lib opencv_videostab2410.lib opencv_calib3d2410d.lib opencv_contrib2410d.lib opencv_core2410d.lib opencv_features2d2410d.lib opencv_flann2410d.lib opencv_gpu2410d.lib opencv_highgui2410d.lib opencv_imgproc2410d.lib opencv_legacy2410d.lib opencv_objdetect2410d.lib opencv_ts2410d.lib opencv_video2410d.lib opencv_nonfree2410d.lib opencv_ocl2410d.lib opencv_photo2410d.lib opencv_stitching2410d.lib opencv_superres2410d.lib opencv_videostab2410d.lib kernel32.lib user32.lib gdi32.lib winspool.lib comdlg32.lib advapi32.lib shell32.lib ole32.lib oleaut32.lib uuid.lib odbc32.lib odbccp32.lib /MANIFEST /ManifestFile:"x64\Debug\interpolation_etc.exe.intermediate.manifest" /MANIFESTUAC:"level='asInvoker' uiAccess='false'" /DEBUG /PDB:"F:\GitHub\cvpr_interpolation_etc\interpolation_etc\x64\Debug\interpolation_etc.pdb" /SUBSYSTEM:CONSOLE /HEAP:"1000000000" /TLBID:1 /DYNAMICBASE /NXCOMPAT /IMPLIB:"F:\GitHub\cvpr_interpolation_etc\interpolation_etc\x64\Debug\interpolation_etc.lib" /MACHINE:X64 x64\Debug\interpolation_etc.exe.embed.manifest.res
         x64\Debug\BoxFilterDepthRefine.obj
         x64\Debug\qx_basic.obj
         x64\Debug\qx_hardware_efficient_bilateral_filter.obj
         x64\Debug\qx_ppm.obj
         x64\Debug\LocalStereoMatching.obj
         x64\Debug\main.obj
         x64\Debug\FastDepthInterp.obj
         x64\Debug\ctmf.obj
         x64\Debug\mst_kruskals_image.obj
         x64\Debug\Nonlocal.obj
         x64\Debug\Nonlocal_basic.obj
         x64\Debug\tree_filter.obj
         x64\Debug\SimpleFeatureMatching.obj
         interpolation_etc.vcxproj -> F:\GitHub\cvpr_interpolation_etc\interpolation_etc\x64\Debug\interpolation_etc.exe
       FinalizeBuildStatus:
         Deleting file "x64\Debug\interpolation_etc.unsuccessfulbuild".
         Touching "x64\Debug\interpolation_etc.lastbuildstate".
     1>Done Building Project "F:\GitHub\cvpr_interpolation_etc\interpolation_etc\interpolation_etc\interpolation_etc.vcxproj" (rebuild target(s)).

Build succeeded.

Time Elapsed 00:00:10.30
