Build started 2016/4/1 15:57:05.
     1>Project "F:\GitHub\cvpr_interpolation_etc\interpolation_etc\interpolation_etc\interpolation_etc.vcxproj" on node 2 (build target(s)).
     1>InitializeBuildStatus:
         Creating "Debug\interpolation_etc.unsuccessfulbuild" because "AlwaysCreate" was specified.
       ClCompile:
         C:\Program Files (x86)\Microsoft Visual Studio 10.0\VC\bin\CL.exe /c /ZI /nologo /W3 /WX- /Od /Oy- /D WIN32 /D _DEBUG /D _CONSOLE /D _UNICODE /D UNICODE /Gm /EHsc /RTC1 /MDd /GS /fp:precise /Zc:wchar_t /Zc:forScope /Fo"Debug\\" /Fd"Debug\vc100.pdb" /Gd /TP /analyze- /errorReport:prompt main.cpp
         main.cpp
     1>d:\program files (x86)\opencv\build\include\opencv2\legacy\blobtrack.hpp(187): warning C4996: 'strcpy': This function or variable may be unsafe. Consider using strcpy_s instead. To disable deprecation, use _CRT_SECURE_NO_WARNINGS. See online help for details.
                 c:\program files (x86)\microsoft visual studio 10.0\vc\include\string.h(105) : see declaration of 'strcpy'
     1>d:\program files (x86)\opencv\build\include\opencv2\legacy\blobtrack.hpp(256): warning C4996: 'strcat': This function or variable may be unsafe. Consider using strcat_s instead. To disable deprecation, use _CRT_SECURE_NO_WARNINGS. See online help for details.
                 c:\program files (x86)\microsoft visual studio 10.0\vc\include\string.h(110) : see declaration of 'strcat'
     1>d:\program files (x86)\opencv\build\include\opencv2\flann\logger.h(66): warning C4996: 'fopen': This function or variable may be unsafe. Consider using fopen_s instead. To disable deprecation, use _CRT_SECURE_NO_WARNINGS. See online help for details.
                 c:\program files (x86)\microsoft visual studio 10.0\vc\include\stdio.h(234) : see declaration of 'fopen'
     1>f:\github\cvpr_interpolation_etc\interpolation_etc\interpolation_etc\nonlocal\nonlocal_basic.h(77): warning C4244: 'argument' : conversion from 'float' to 'int', possible loss of data
     1>f:\github\cvpr_interpolation_etc\interpolation_etc\interpolation_etc\nonlocal\nonlocal_basic.h(78): warning C4244: 'argument' : conversion from 'double' to 'int', possible loss of data
     1>f:\github\cvpr_interpolation_etc\interpolation_etc\interpolation_etc\nonlocal\nonlocal_basic.h(80): warning C4244: 'argument' : conversion from 'double' to 'int', possible loss of data
     1>f:\github\cvpr_interpolation_etc\interpolation_etc\interpolation_etc\main.cpp(29): warning C4996: 'sprintf': This function or variable may be unsafe. Consider using sprintf_s instead. To disable deprecation, use _CRT_SECURE_NO_WARNINGS. See online help for details.
                 c:\program files (x86)\microsoft visual studio 10.0\vc\include\stdio.h(371) : see declaration of 'sprintf'
     1>f:\github\cvpr_interpolation_etc\interpolation_etc\interpolation_etc\main.cpp(30): warning C4996: 'sprintf': This function or variable may be unsafe. Consider using sprintf_s instead. To disable deprecation, use _CRT_SECURE_NO_WARNINGS. See online help for details.
                 c:\program files (x86)\microsoft visual studio 10.0\vc\include\stdio.h(371) : see declaration of 'sprintf'
         All outputs are up-to-date.
       ManifestResourceCompile:
         All outputs are up-to-date.
       Link:
         C:\Program Files (x86)\Microsoft Visual Studio 10.0\VC\bin\link.exe /ERRORREPORT:PROMPT /OUT:"F:\GitHub\cvpr_interpolation_etc\interpolation_etc\Debug\interpolation_etc.exe" /INCREMENTAL /NOLOGO opencv_calib3d2410d.lib opencv_contrib2410d.lib opencv_core2410d.lib opencv_features2d2410d.lib opencv_flann2410d.lib opencv_gpu2410d.lib opencv_highgui2410d.lib opencv_imgproc2410d.lib opencv_legacy2410d.lib opencv_ml2410d.lib opencv_objdetect2410d.lib opencv_ts2410d.lib opencv_video2410d.lib opencv_nonfree2410d.lib opencv_ml2410d.lib opencv_objdetect2410.lib opencv_ts2410.lib opencv_video2410.lib opencv_nonfree2410.lib opencv_ocl2410.lib opencv_photo2410.lib opencv_stitching2410.lib opencv_superres2410.lib opencv_videostab2410.lib opencv_calib3d2410d.lib opencv_contrib2410d.lib opencv_core2410d.lib opencv_features2d2410d.lib opencv_flann2410d.lib opencv_gpu2410d.lib opencv_highgui2410d.lib opencv_imgproc2410d.lib opencv_legacy2410d.lib opencv_objdetect2410d.lib opencv_ts2410d.lib opencv_video2410d.lib opencv_nonfree2410d.lib opencv_ocl2410d.lib opencv_photo2410d.lib opencv_stitching2410d.lib opencv_superres2410d.lib opencv_videostab2410d.lib opencv_calib3d2410.lib opencv_contrib2410.lib opencv_core2410.lib opencv_features2d2410.lib opencv_flann2410.lib opencv_gpu2410.lib opencv_highgui2410.lib opencv_imgproc2410.lib opencv_legacy2410.lib opencv_ml2410d.lib opencv_objdetect2410.lib opencv_ts2410.lib opencv_video2410.lib opencv_nonfree2410.lib opencv_ocl2410.lib opencv_photo2410.lib opencv_stitching2410.lib opencv_superres2410.lib opencv_videostab2410.lib opencv_calib3d2410d.lib opencv_contrib2410d.lib opencv_core2410d.lib opencv_features2d2410d.lib opencv_flann2410d.lib opencv_gpu2410d.lib opencv_highgui2410d.lib opencv_imgproc2410d.lib opencv_legacy2410d.lib opencv_objdetect2410d.lib opencv_ts2410d.lib opencv_video2410d.lib opencv_nonfree2410d.lib opencv_ocl2410d.lib opencv_photo2410d.lib opencv_stitching2410d.lib opencv_superres2410d.lib opencv_videostab2410d.lib kernel32.lib user32.lib gdi32.lib winspool.lib comdlg32.lib advapi32.lib shell32.lib ole32.lib oleaut32.lib uuid.lib odbc32.lib odbccp32.lib /MANIFEST /ManifestFile:"Debug\interpolation_etc.exe.intermediate.manifest" /MANIFESTUAC:"level='asInvoker' uiAccess='false'" /DEBUG /PDB:"F:\GitHub\cvpr_interpolation_etc\interpolation_etc\Debug\interpolation_etc.pdb" /SUBSYSTEM:CONSOLE /HEAP:"1000000000" /TLBID:1 /DYNAMICBASE /NXCOMPAT /IMPLIB:"F:\GitHub\cvpr_interpolation_etc\interpolation_etc\Debug\interpolation_etc.lib" /MACHINE:X86 Debug\interpolation_etc.exe.embed.manifest.res
         Debug\BoxFilterDepthRefine.obj
         Debug\main.obj
         Debug\FastDepthInterp.obj
         Debug\ctmf.obj
         Debug\mst_kruskals_image.obj
         Debug\Nonlocal.obj
         Debug\Nonlocal_basic.obj
         Debug\tree_filter.obj
         Debug\SimpleFeatureMatching.obj
       Manifest:
         C:\Program Files (x86)\Microsoft SDKs\Windows\v7.0A\bin\mt.exe /nologo /verbose /out:"Debug\interpolation_etc.exe.embed.manifest" /manifest Debug\interpolation_etc.exe.intermediate.manifest
         All outputs are up-to-date.
       LinkEmbedManifest:
         All outputs are up-to-date.
         interpolation_etc.vcxproj -> F:\GitHub\cvpr_interpolation_etc\interpolation_etc\Debug\interpolation_etc.exe
       FinalizeBuildStatus:
         Deleting file "Debug\interpolation_etc.unsuccessfulbuild".
         Touching "Debug\interpolation_etc.lastbuildstate".
     1>Done Building Project "F:\GitHub\cvpr_interpolation_etc\interpolation_etc\interpolation_etc\interpolation_etc.vcxproj" (build target(s)).

Build succeeded.

Time Elapsed 00:00:01.96
