F:\GITHUB\CVPR_INTERPOLATION_ETC\INTERPOLATION_ETC\DEBUG\INTERPOLATION_ETC.EXE
F:\GITHUB\CVPR_INTERPOLATION_ETC\INTERPOLATION_ETC\DEBUG\INTERPOLATION_ETC.ILK
F:\GITHUB\CVPR_INTERPOLATION_ETC\INTERPOLATION_ETC\DEBUG\INTERPOLATION_ETC.PDB
F:\GITHUB\CVPR_INTERPOLATION_ETC\INTERPOLATION_ETC\INTERPOLATION_ETC\DEBUG\BOXFILTERDEPTHREFINE.OBJ
F:\GITHUB\CVPR_INTERPOLATION_ETC\INTERPOLATION_ETC\INTERPOLATION_ETC\DEBUG\CFASTDEPTHINTERP.OBJ
F:\GitHub\cvpr_interpolation_etc\interpolation_etc\interpolation_etc\Debug\cl.command.1.tlog
F:\GitHub\cvpr_interpolation_etc\interpolation_etc\interpolation_etc\Debug\CL.read.1.tlog
F:\GitHub\cvpr_interpolation_etc\interpolation_etc\interpolation_etc\Debug\CL.write.1.tlog
F:\GITHUB\CVPR_INTERPOLATION_ETC\INTERPOLATION_ETC\INTERPOLATION_ETC\DEBUG\FASTDEPTHINTERP.OBJ
F:\GITHUB\CVPR_INTERPOLATION_ETC\INTERPOLATION_ETC\INTERPOLATION_ETC\DEBUG\INTERPOLATION_ETC.EXE.EMBED.MANIFEST
F:\GITHUB\CVPR_INTERPOLATION_ETC\INTERPOLATION_ETC\INTERPOLATION_ETC\DEBUG\INTERPOLATION_ETC.EXE.EMBED.MANIFEST.RES
F:\GITHUB\CVPR_INTERPOLATION_ETC\INTERPOLATION_ETC\INTERPOLATION_ETC\DEBUG\INTERPOLATION_ETC.EXE.INTERMEDIATE.MANIFEST
F:\GitHub\cvpr_interpolation_etc\interpolation_etc\interpolation_etc\Debug\interpolation_etc.write.1.tlog
F:\GitHub\cvpr_interpolation_etc\interpolation_etc\interpolation_etc\Debug\interpolation_etc_manifest.rc
F:\GitHub\cvpr_interpolation_etc\interpolation_etc\interpolation_etc\Debug\link.7384.read.1.tlog
F:\GitHub\cvpr_interpolation_etc\interpolation_etc\interpolation_etc\Debug\link.7384.write.1.tlog
F:\GitHub\cvpr_interpolation_etc\interpolation_etc\interpolation_etc\Debug\link.7384-cvtres.read.1.tlog
F:\GitHub\cvpr_interpolation_etc\interpolation_etc\interpolation_etc\Debug\link.7384-cvtres.write.1.tlog
F:\GitHub\cvpr_interpolation_etc\interpolation_etc\interpolation_etc\Debug\link.9708.read.1.tlog
F:\GitHub\cvpr_interpolation_etc\interpolation_etc\interpolation_etc\Debug\link.9708.write.1.tlog
F:\GitHub\cvpr_interpolation_etc\interpolation_etc\interpolation_etc\Debug\link.9708-cvtres.read.1.tlog
F:\GitHub\cvpr_interpolation_etc\interpolation_etc\interpolation_etc\Debug\link.9708-cvtres.write.1.tlog
F:\GitHub\cvpr_interpolation_etc\interpolation_etc\interpolation_etc\Debug\link.command.1.tlog
F:\GitHub\cvpr_interpolation_etc\interpolation_etc\interpolation_etc\Debug\link.read.1.tlog
F:\GitHub\cvpr_interpolation_etc\interpolation_etc\interpolation_etc\Debug\link.write.1.tlog
F:\GitHub\cvpr_interpolation_etc\interpolation_etc\interpolation_etc\Debug\link-cvtres.read.1.tlog
F:\GitHub\cvpr_interpolation_etc\interpolation_etc\interpolation_etc\Debug\link-cvtres.write.1.tlog
F:\GITHUB\CVPR_INTERPOLATION_ETC\INTERPOLATION_ETC\INTERPOLATION_ETC\DEBUG\MAIN.OBJ
F:\GitHub\cvpr_interpolation_etc\interpolation_etc\interpolation_etc\Debug\mt.command.1.tlog
F:\GitHub\cvpr_interpolation_etc\interpolation_etc\interpolation_etc\Debug\mt.read.1.tlog
F:\GitHub\cvpr_interpolation_etc\interpolation_etc\interpolation_etc\Debug\mt.write.1.tlog
F:\GitHub\cvpr_interpolation_etc\interpolation_etc\interpolation_etc\Debug\rc.command.1.tlog
F:\GitHub\cvpr_interpolation_etc\interpolation_etc\interpolation_etc\Debug\rc.read.1.tlog
F:\GitHub\cvpr_interpolation_etc\interpolation_etc\interpolation_etc\Debug\rc.write.1.tlog
F:\GitHub\cvpr_interpolation_etc\interpolation_etc\interpolation_etc\Debug\vc100.idb
F:\GITHUB\CVPR_INTERPOLATION_ETC\INTERPOLATION_ETC\INTERPOLATION_ETC\DEBUG\VC100.PDB
